2025-08-12 20:14:35,847 - ERROR - rexus.errors - ERROR
Message: Uncaught exception: UnicodeEncodeError: 'charmap' codec can't encode character '\u2713' in position 0: character maps to <undefined>
File: C:\Users\itachi\Desktop\martin\Rexus.app\rexus\utils\error_handler.py:24
Function: handle_exception
---
Traceback (most recent call last):
  File "<string>", line 17, in <module>
  File "C:\Python310\lib\encodings\cp1252.py", line 19, in encode
    return codecs.charmap_encode(input,self.errors,encoding_table)[0]
UnicodeEncodeError: 'charmap' codec can't encode character '\u2713' in position 0: character maps to <undefined>
2025-08-14 07:51:12,614 - ERROR - rexus.errors - ERROR
Message: Uncaught exception: UnicodeEncodeError: 'charmap' codec can't encode character '\u2705' in position 12: character maps to <undefined>
File: C:\Users\itachi\Desktop\martin\Rexus.app\rexus\utils\error_handler.py:24
Function: handle_exception
---
Traceback (most recent call last):
  File "<string>", line 12, in <module>
  File "C:\Python310\lib\encodings\cp1252.py", line 19, in encode
    return codecs.charmap_encode(input,self.errors,encoding_table)[0]
UnicodeEncodeError: 'charmap' codec can't encode character '\u2705' in position 12: character maps to <undefined>
2025-08-14 12:49:51,303 - ERROR - rexus.errors - ERROR
Message: Uncaught exception: UnicodeEncodeError: 'charmap' codec can't encode character '\U0001f527' in position 0: character maps to <undefined>
File: C:\Users\itachi\Desktop\martin\Rexus.app\rexus\utils\error_handler.py:22
Function: handle_exception
---
Traceback (most recent call last):
  File "<string>", line 44, in <module>
  File "C:\Python310\lib\encodings\cp1252.py", line 19, in encode
    return codecs.charmap_encode(input,self.errors,encoding_table)[0]
UnicodeEncodeError: 'charmap' codec can't encode character '\U0001f527' in position 0: character maps to <undefined>
2025-08-14 12:49:51 - rexus.errors - [31mERROR[0m - Uncaught exception: UnicodeEncodeError: 'charmap' codec can't encode character '\U0001f527' in position 0: character maps to <undefined>
Traceback (most recent call last):
  File "<string>", line 44, in <module>
  File "C:\Python310\lib\encodings\cp1252.py", line 19, in encode
    return codecs.charmap_encode(input,self.errors,encoding_table)[0]
UnicodeEncodeError: 'charmap' codec can't encode character '\U0001f527' in position 0: character maps to <undefined>
2025-08-15 12:55:35,037 - ERROR - rexus.errors - ERROR
Message: Uncaught exception: UnicodeEncodeError: 'charmap' codec can't encode character '\u2713' in position 0: character maps to <undefined>
File: C:\Users\itachi\Desktop\martin\Rexus.app\rexus\utils\error_handler.py:22
Function: handle_exception
---
Traceback (most recent call last):
  File "<string>", line 1, in <module>
  File "C:\Python310\lib\encodings\cp1252.py", line 19, in encode
    return codecs.charmap_encode(input,self.errors,encoding_table)[0]
UnicodeEncodeError: 'charmap' codec can't encode character '\u2713' in position 0: character maps to <undefined>
2025-08-15 12:55:35 | ERROR    | rexus.errors    | Uncaught exception: UnicodeEncodeError: 'charmap' codec can't encode character '\u2713' in position 0: character maps to <undefined>
Traceback (most recent call last):
  File "<string>", line 1, in <module>
  File "C:\Python310\lib\encodings\cp1252.py", line 19, in encode
    return codecs.charmap_encode(input,self.errors,encoding_table)[0]
UnicodeEncodeError: 'charmap' codec can't encode character '\u2713' in position 0: character maps to <undefined>
2025-08-16 22:04:25 | ERROR    | rexus.modules.vidrios.model | Error verificando tablas: 'Mock' object is not iterable
2025-08-16 22:04:25 | ERROR    | rexus.core.database | Database connection failed: ('28000', '[28000] [Microsoft][ODBC Driver 17 for SQL Server][SQL Server]Login failed for user \'sa\'. (18456) (SQLDriverConnect); [28000] [Microsoft][ODBC Driver 17 for SQL Server][SQL Server]Cannot open database "None" requested by the login. The login failed. (4060); [28000] [Microsoft][ODBC Driver 17 for SQL Server][SQL Server]Login failed for user \'sa\'. (18456); [28000] [Microsoft][ODBC Driver 17 for SQL Server][SQL Server]Cannot open database "None" requested by the login. The login failed. (4060)')
Traceback (most recent call last):
  File "D:\martin\Rexus.app\rexus\core\database.py", line 183, in connect
    self._connection = pyodbc.connect(real_connection_string)
pyodbc.InterfaceError: ('28000', '[28000] [Microsoft][ODBC Driver 17 for SQL Server][SQL Server]Login failed for user \'sa\'. (18456) (SQLDriverConnect); [28000] [Microsoft][ODBC Driver 17 for SQL Server][SQL Server]Cannot open database "None" requested by the login. The login failed. (4060); [28000] [Microsoft][ODBC Driver 17 for SQL Server][SQL Server]Login failed for user \'sa\'. (18456); [28000] [Microsoft][ODBC Driver 17 for SQL Server][SQL Server]Cannot open database "None" requested by the login. The login failed. (4060)')
2025-08-17 14:58:06 | CRITICAL | rexus.startup   | Dependencias críticas faltantes - aplicación no puede iniciar
2025-08-17 14:58:06 | ERROR    | rexus.utils.dependency_validator | 
ERRORES CRÍTICOS:
2025-08-17 14:58:06 | ERROR    | rexus.utils.dependency_validator |   ❌ Error durante validación: invalid syntax. Perhaps you forgot a comma? (security.py, line 142)
2025-08-17 15:01:21 | CRITICAL | rexus.startup   | Dependencias críticas faltantes - aplicación no puede iniciar
2025-08-17 15:01:21 | ERROR    | rexus.utils.dependency_validator | 
ERRORES CRÍTICOS:
2025-08-17 15:01:21 | ERROR    | rexus.utils.dependency_validator |   ❌ Error durante validación: Directorio SQL no encontrado: D:\martin\Rexus.app\legacy_root\scripts\sql
2025-08-17 15:05:58 | CRITICAL | rexus.startup   | Dependencias críticas faltantes - aplicación no puede iniciar
2025-08-17 15:05:58 | ERROR    | rexus.utils.dependency_validator | 
ERRORES CRÍTICOS:
2025-08-17 15:05:58 | ERROR    | rexus.utils.dependency_validator |   ❌ Error durante validación: Directorio SQL no encontrado: D:\martin\Rexus.app\legacy_root\scripts\sql
2025-08-17 15:07:20 | ERROR    | rexus.main      | Error crítico creando obras: Archivo SQL no encontrado: verificar_tabla_sqlite.sql en módulo obras. Rutas buscadas: ['D:\\martin\\Rexus.app\\legacy_root\\scripts\\sql\\obras\\verificar_tabla_sqlite.sql', 'D:\\martin\\Rexus.app\\legacy_root\\scripts\\sql\\verificar_tabla_sqlite.sql', 'D:\\martin\\Rexus.app\\legacy_root\\scripts\\sql\\common\\verificar_tabla_sqlite.sql']
2025-08-17 15:07:21 | ERROR    | rexus.main      | Error crítico creando inventario: Archivo SQL no encontrado: verificar_tabla_existe.sql en módulo inventario. Rutas buscadas: ['D:\\martin\\Rexus.app\\legacy_root\\scripts\\sql\\inventario\\verificar_tabla_existe.sql', 'D:\\martin\\Rexus.app\\legacy_root\\scripts\\sql\\verificar_tabla_existe.sql', 'D:\\martin\\Rexus.app\\legacy_root\\scripts\\sql\\common\\verificar_tabla_existe.sql']
2025-08-17 15:07:21 | ERROR    | rexus.main      | Error crítico creando herrajes: Error creando controlador: BaseController.__init__() missing 1 required positional argument: 'module_name'
2025-08-17 15:07:22 | ERROR    | rexus.modules.vidrios.model | Error verificando tablas: 'NoneType' object has no attribute 'cursor'
2025-08-17 15:07:22 | ERROR    | rexus.main      | Error crítico creando vidrios: Error creando vista: 'VidriosModernView' object has no attribute 'crear_controles_paginacion'
2025-08-17 15:07:26 | ERROR    | rexus.main      | Error crítico creando compras: Error creando vista: 'NoneType' object has no attribute 'upper'
2025-08-17 15:07:27 | ERROR    | rexus.main      | Error creando administración real: invalid syntax. Perhaps you forgot a comma? (model.py, line 17)
2025-08-17 15:07:27 | ERROR    | rexus.main      | Error crítico creando mantenimiento: Error creando vista: 'MantenimientoView' object has no attribute 'crear_controles_paginacion'
2025-08-17 15:07:29 | ERROR    | rexus.usuarios.model | Error obteniendo usuarios optimizado: 'NoneType' object has no attribute 'cursor'
Traceback (most recent call last):
  File "D:\martin\Rexus.app\rexus\modules\usuarios\model.py", line 1147, in obtener_todos_usuarios
    cursor = self.db_connection.connection.cursor()
AttributeError: 'NoneType' object has no attribute 'cursor'
2025-08-17 15:07:32 | ERROR    | rexus.main      | Error crítico creando obras: Archivo SQL no encontrado: verificar_tabla_sqlite.sql en módulo obras. Rutas buscadas: ['D:\\martin\\Rexus.app\\legacy_root\\scripts\\sql\\obras\\verificar_tabla_sqlite.sql', 'D:\\martin\\Rexus.app\\legacy_root\\scripts\\sql\\verificar_tabla_sqlite.sql', 'D:\\martin\\Rexus.app\\legacy_root\\scripts\\sql\\common\\verificar_tabla_sqlite.sql']
2025-08-17 15:57:11 | ERROR    | rexus.main      | Error crítico creando obras: Archivo SQL no encontrado: verificar_tabla_sqlite.sql en módulo obras. Rutas buscadas: ['D:\\martin\\Rexus.app\\sql\\obras\\verificar_tabla_sqlite.sql', 'D:\\martin\\Rexus.app\\sql\\verificar_tabla_sqlite.sql', 'D:\\martin\\Rexus.app\\sql\\common\\verificar_tabla_sqlite.sql']
2025-08-17 15:57:13 | ERROR    | rexus.main      | Error crítico creando inventario: Archivo SQL no encontrado: verificar_tabla_existe.sql en módulo inventario. Rutas buscadas: ['D:\\martin\\Rexus.app\\sql\\inventario\\verificar_tabla_existe.sql', 'D:\\martin\\Rexus.app\\sql\\verificar_tabla_existe.sql', 'D:\\martin\\Rexus.app\\sql\\common\\verificar_tabla_existe.sql']
2025-08-17 15:57:17 | ERROR    | rexus.vidrios.model | Error verificando tablas: 'NoneType' object has no attribute 'cursor'
2025-08-17 15:57:17 | ERROR    | rexus.main      | Error crítico creando vidrios: Error creando vista: 'VidriosModernView' object has no attribute 'crear_controles_paginacion'
2025-08-17 15:57:18 | ERROR    | rexus.vidrios.model | Error verificando tablas: 'NoneType' object has no attribute 'cursor'
2025-08-17 15:57:18 | ERROR    | rexus.main      | Error crítico creando vidrios: Error creando vista: 'VidriosModernView' object has no attribute 'crear_controles_paginacion'
2025-08-17 15:57:27 | ERROR    | rexus.main      | Error crítico creando compras: Error creando vista: 'NoneType' object has no attribute 'upper'
2025-08-17 15:57:28 | ERROR    | rexus.main      | Error creando administración real: invalid syntax. Perhaps you forgot a comma? (model.py, line 17)
2025-08-17 15:57:29 | ERROR    | rexus.main      | Error creando administración real: invalid syntax. Perhaps you forgot a comma? (model.py, line 17)
2025-08-17 15:57:31 | ERROR    | rexus.main      | Error crítico creando mantenimiento: Error creando vista: 'MantenimientoView' object has no attribute 'crear_controles_paginacion'
2025-08-17 15:57:32 | ERROR    | rexus.main      | Error crítico creando mantenimiento: Error creando vista: 'MantenimientoView' object has no attribute 'crear_controles_paginacion'
2025-08-17 16:09:58,055 - ERROR - rexus.errors - ERROR
Message: Uncaught exception: UnicodeEncodeError: 'charmap' codec can't encode character '\u2705' in position 0: character maps to <undefined>
File: D:\martin\Rexus.app\rexus\utils\error_handler.py:22
Function: handle_exception
---
Traceback (most recent call last):
  File "<string>", line 22, in <module>
  File "C:\Python310\lib\encodings\cp1252.py", line 19, in encode
    return codecs.charmap_encode(input,self.errors,encoding_table)[0]
UnicodeEncodeError: 'charmap' codec can't encode character '\u2705' in position 0: character maps to <undefined>
2025-08-17 16:09:58 | ERROR    | rexus.errors    | Uncaught exception: UnicodeEncodeError: 'charmap' codec can't encode character '\u2705' in position 0: character maps to <undefined>
Traceback (most recent call last):
  File "<string>", line 22, in <module>
  File "C:\Python310\lib\encodings\cp1252.py", line 19, in encode
    return codecs.charmap_encode(input,self.errors,encoding_table)[0]
UnicodeEncodeError: 'charmap' codec can't encode character '\u2705' in position 0: character maps to <undefined>
2025-08-18 08:16:07 | ERROR    | rexus.utils.backup_recovery | Database backup failed: ('42000', '[42000] [Microsoft][ODBC Driver 17 for SQL Server][SQL Server]Cannot perform a backup or restore operation within a transaction. (3021) (SQLExecDirectW); [42000] [Microsoft][ODBC Driver 17 for SQL Server][SQL Server]BACKUP DATABASE is terminating abnormally. (3013)')
2025-08-18 08:20:23,807 - ERROR - rexus.errors - ERROR
Message: Uncaught exception: UnicodeEncodeError: 'charmap' codec can't encode character '\u2705' in position 2: character maps to <undefined>
File: D:\martin\Rexus.app\rexus\utils\error_handler.py:22
Function: handle_exception
---
Traceback (most recent call last):
  File "<string>", line 50, in <module>
  File "C:\Python310\lib\encodings\cp1252.py", line 19, in encode
    return codecs.charmap_encode(input,self.errors,encoding_table)[0]
UnicodeEncodeError: 'charmap' codec can't encode character '\u2705' in position 2: character maps to <undefined>
2025-08-18 08:20:23 | ERROR    | rexus.errors    | Uncaught exception: UnicodeEncodeError: 'charmap' codec can't encode character '\u2705' in position 2: character maps to <undefined>
Traceback (most recent call last):
  File "<string>", line 50, in <module>
  File "C:\Python310\lib\encodings\cp1252.py", line 19, in encode
    return codecs.charmap_encode(input,self.errors,encoding_table)[0]
UnicodeEncodeError: 'charmap' codec can't encode character '\u2705' in position 2: character maps to <undefined>
2025-08-18 08:21:25 | ERROR    | rexus.vidrios.model | Error obteniendo vidrios: ('42S22', "[42S22] [Microsoft][ODBC Driver 17 for SQL Server][SQL Server]Invalid column name 'codigo'. (207) (SQLExecDirectW); [42S22] [Microsoft][ODBC Driver 17 for SQL Server][SQL Server]Invalid column name 'descripcion'. (207); [42S22] [Microsoft][ODBC Driver 17 for SQL Server][SQL Server]Invalid column name 'ubicacion'. (207); [42S22] [Microsoft][ODBC Driver 17 for SQL Server][SQL Server]Invalid column name 'observaciones'. (207); [42S22] [Microsoft][ODBC Driver 17 for SQL Server][SQL Server]Invalid column name 'fecha_modificacion'. (207)")
2025-08-18 08:21:25 | ERROR    | rexus.usuarios.model | Error obteniendo usuarios optimizado: Archivo SQL no encontrado: obtener_usuarios_con_permisos.sql en módulo usuarios. Rutas buscadas: ['D:\\martin\\Rexus.app\\sql\\usuarios\\obtener_usuarios_con_permisos.sql', 'D:\\martin\\Rexus.app\\sql\\obtener_usuarios_con_permisos.sql', 'D:\\martin\\Rexus.app\\sql\\common\\obtener_usuarios_con_permisos.sql']
Traceback (most recent call last):
  File "D:\martin\Rexus.app\rexus\modules\usuarios\model.py", line 1159, in obtener_todos_usuarios
    sql = self.sql_manager.get_query('usuarios', 'obtener_usuarios_con_permisos')
  File "D:\martin\Rexus.app\rexus\utils\sql_query_manager.py", line 61, in get_query
    self._load_query(module, query_name)
  File "D:\martin\Rexus.app\rexus\utils\sql_query_manager.py", line 99, in _load_query
    raise FileNotFoundError(
FileNotFoundError: Archivo SQL no encontrado: obtener_usuarios_con_permisos.sql en módulo usuarios. Rutas buscadas: ['D:\\martin\\Rexus.app\\sql\\usuarios\\obtener_usuarios_con_permisos.sql', 'D:\\martin\\Rexus.app\\sql\\obtener_usuarios_con_permisos.sql', 'D:\\martin\\Rexus.app\\sql\\common\\obtener_usuarios_con_permisos.sql']
2025-08-18 08:22:03 | ERROR    | rexus.vidrios.model | Error obteniendo vidrios: ('42S22', "[42S22] [Microsoft][ODBC Driver 17 for SQL Server][SQL Server]Invalid column name 'codigo'. (207) (SQLExecDirectW); [42S22] [Microsoft][ODBC Driver 17 for SQL Server][SQL Server]Invalid column name 'descripcion'. (207); [42S22] [Microsoft][ODBC Driver 17 for SQL Server][SQL Server]Invalid column name 'ubicacion'. (207); [42S22] [Microsoft][ODBC Driver 17 for SQL Server][SQL Server]Invalid column name 'observaciones'. (207); [42S22] [Microsoft][ODBC Driver 17 for SQL Server][SQL Server]Invalid column name 'fecha_modificacion'. (207)")
2025-08-18 08:22:03 | ERROR    | rexus.usuarios.model | Error obteniendo usuarios optimizado: ('42S22', "[42S22] [Microsoft][ODBC Driver 17 for SQL Server][SQL Server]Invalid column name 'username'. (207) (SQLExecDirectW); [42S22] [Microsoft][ODBC Driver 17 for SQL Server][SQL Server]Invalid column name 'fecha_actualizacion'. (207); [42S22] [Microsoft][ODBC Driver 17 for SQL Server][SQL Server]Invalid column name 'fecha_bloqueo'. (207); [42S22] [Microsoft][ODBC Driver 17 for SQL Server][SQL Server]Invalid column name 'configuracion'. (207); [42S22] [Microsoft][ODBC Driver 17 for SQL Server][SQL Server]Invalid column name 'preferencias'. (207)")
Traceback (most recent call last):
  File "D:\martin\Rexus.app\rexus\modules\usuarios\model.py", line 1160, in obtener_todos_usuarios
    cursor.execute(sql)
pyodbc.ProgrammingError: ('42S22', "[42S22] [Microsoft][ODBC Driver 17 for SQL Server][SQL Server]Invalid column name 'username'. (207) (SQLExecDirectW); [42S22] [Microsoft][ODBC Driver 17 for SQL Server][SQL Server]Invalid column name 'fecha_actualizacion'. (207); [42S22] [Microsoft][ODBC Driver 17 for SQL Server][SQL Server]Invalid column name 'fecha_bloqueo'. (207); [42S22] [Microsoft][ODBC Driver 17 for SQL Server][SQL Server]Invalid column name 'configuracion'. (207); [42S22] [Microsoft][ODBC Driver 17 for SQL Server][SQL Server]Invalid column name 'preferencias'. (207)")
2025-08-18 08:25:15 | ERROR    | rexus.modules.herrajes.model | [HERRAJES] Error obteniendo herrajes: ('42S02', "[42S02] [Microsoft][ODBC Driver 17 for SQL Server][SQL Server]Invalid object name 'herrajes'. (208) (SQLExecDirectW)")
2025-08-18 08:26:51 | ERROR    | rexus.vidrios.model | No hay conexión a la base de datos. El módulo no funcionará correctamente
2025-08-18 08:27:39 | ERROR    | rexus.vidrios.model | No hay conexión a la base de datos. El módulo no funcionará correctamente
2025-08-18 12:32:23 | ERROR    | rexus.vidrios.model | No hay conexión a la base de datos. El módulo no funcionará correctamente
2025-08-18 12:32:24 | ERROR    | rexus.herrajes.controller | CRITICO: Modelo de herrajes no disponible
2025-08-18 12:33:24 | ERROR    | rexus.vidrios.model | No hay conexión a la base de datos. El módulo no funcionará correctamente
2025-08-18 12:33:24 | ERROR    | rexus.herrajes.controller | CRITICO: Modelo de herrajes no disponible
2025-08-18 12:34:08 | ERROR    | rexus.vidrios.model | No hay conexión a la base de datos. El módulo no funcionará correctamente
2025-08-18 12:34:09 | ERROR    | rexus.herrajes.controller | CRITICO: Modelo de herrajes no disponible
2025-08-18 12:34:25 | ERROR    | rexus.vidrios.model | No hay conexión a la base de datos. El módulo no funcionará correctamente
2025-08-18 12:34:25 | ERROR    | rexus.herrajes.controller | CRITICO: Modelo de herrajes no disponible
2025-08-18 12:35:54 | ERROR    | rexus.vidrios.model | No hay conexión a la base de datos. El módulo no funcionará correctamente
2025-08-18 12:35:54 | ERROR    | rexus.herrajes.controller | CRITICO: Modelo de herrajes no disponible
2025-08-18 12:36:39 | ERROR    | rexus.vidrios.model | No hay conexión a la base de datos. El módulo no funcionará correctamente
2025-08-18 12:36:39 | ERROR    | rexus.herrajes.controller | CRITICO: Modelo de herrajes no disponible
2025-08-18 12:37:36 | ERROR    | rexus.vidrios.model | No hay conexión a la base de datos. El módulo no funcionará correctamente
2025-08-18 12:37:36 | ERROR    | rexus.herrajes.controller | CRITICO: Modelo de herrajes no disponible
2025-08-18 13:46:25 | ERROR    | rexus.main      | Error crítico creando obras: ('The SQL contains 0 parameter markers, but 1 parameters were supplied', 'HY000')
2025-08-18 13:46:27 | ERROR    | rexus.main      | Error crítico creando inventario: ('The SQL contains 0 parameter markers, but 1 parameters were supplied', 'HY000')
2025-08-18 13:46:28 | ERROR    | rexus.main      | Error crítico creando obras: ('The SQL contains 0 parameter markers, but 1 parameters were supplied', 'HY000')
