2025-08-16 12:22:11 | INFO     | rexus           | Sistema de logging Rexus inicializado
2025-08-16 12:28:04 | INFO     | rexus           | Sistema de logging Rexus inicializado
2025-08-16 12:28:10 | INFO     | rexus           | Sistema de logging Rexus inicializado
2025-08-16 12:28:52 | INFO     | rexus           | Sistema de logging Rexus inicializado
2025-08-16 12:29:58 | INFO     | rexus           | Sistema de logging Rexus inicializado
2025-08-16 12:30:35 | INFO     | rexus           | Sistema de logging Rexus inicializado
2025-08-16 16:59:11 | INFO     | rexus           | Sistema de logging Rexus inicializado
2025-08-16 17:07:09 | INFO     | rexus           | Sistema de logging Rexus inicializado
2025-08-16 17:07:21 | INFO     | rexus           | Sistema de logging Rexus inicializado
2025-08-16 17:07:43 | INFO     | rexus           | Sistema de logging Rexus inicializado
2025-08-16 17:07:51 | INFO     | rexus           | Sistema de logging Rexus inicializado
2025-08-16 17:08:11 | INFO     | rexus           | Sistema de logging Rexus inicializado
2025-08-16 17:08:25 | INFO     | rexus           | Sistema de logging Rexus inicializado
2025-08-16 17:09:43 | INFO     | rexus           | Sistema de logging Rexus inicializado
2025-08-16 17:09:55 | INFO     | rexus           | Sistema de logging Rexus inicializado
2025-08-16 17:13:04 | INFO     | rexus           | Sistema de logging Rexus inicializado
2025-08-16 17:13:29 | INFO     | rexus           | Sistema de logging Rexus inicializado
2025-08-16 17:14:06 | INFO     | rexus           | Sistema de logging Rexus inicializado
2025-08-16 17:18:00 | INFO     | rexus           | Sistema de logging Rexus inicializado
2025-08-16 18:41:07 | INFO     | rexus           | Sistema de logging Rexus inicializado
2025-08-16 18:43:03 | INFO     | rexus           | Sistema de logging Rexus inicializado
2025-08-16 18:44:04 | INFO     | rexus           | Sistema de logging Rexus inicializado
2025-08-16 18:52:03 | INFO     | rexus           | Sistema de logging Rexus inicializado
2025-08-16 18:53:12 | INFO     | rexus           | Sistema de logging Rexus inicializado
2025-08-16 18:53:56 | INFO     | rexus           | Sistema de logging Rexus inicializado
2025-08-16 18:55:33 | INFO     | rexus           | Sistema de logging Rexus inicializado
2025-08-16 18:56:27 | INFO     | rexus           | Sistema de logging Rexus inicializado
2025-08-16 18:57:26 | INFO     | rexus           | Sistema de logging Rexus inicializado
2025-08-16 19:02:05 | INFO     | rexus           | Sistema de logging Rexus inicializado
2025-08-16 19:02:06 | WARNING  | rexus.modules.herrajes.inventario_integration | Sin conexi贸n a BD - funciones limitadas
2025-08-16 19:02:06 | WARNING  | rexus.modules.herrajes.inventario_integration | Sin conexi贸n a BD - funciones limitadas
2025-08-16 19:02:43 | INFO     | rexus           | Sistema de logging Rexus inicializado
2025-08-16 19:02:44 | WARNING  | rexus.modules.herrajes.inventario_integration | Sin conexi贸n a BD - funciones limitadas
2025-08-16 19:02:44 | WARNING  | rexus.modules.herrajes.inventario_integration | Sin conexi贸n a BD - funciones limitadas
2025-08-16 19:21:41 | INFO     | rexus           | Sistema de logging Rexus inicializado
2025-08-16 19:22:40 | INFO     | rexus           | Sistema de logging Rexus inicializado
2025-08-16 19:22:50 | INFO     | rexus           | Sistema de logging Rexus inicializado
2025-08-16 19:23:05 | INFO     | rexus           | Sistema de logging Rexus inicializado
2025-08-16 19:24:18 | INFO     | rexus           | Sistema de logging Rexus inicializado
2025-08-16 19:24:42 | INFO     | rexus           | Sistema de logging Rexus inicializado
2025-08-16 19:25:03 | INFO     | rexus           | Sistema de logging Rexus inicializado
2025-08-16 19:25:38 | INFO     | rexus           | Sistema de logging Rexus inicializado
2025-08-16 19:26:10 | INFO     | rexus           | Sistema de logging Rexus inicializado
2025-08-16 19:27:08 | INFO     | rexus           | Sistema de logging Rexus inicializado
2025-08-16 19:27:36 | INFO     | rexus           | Sistema de logging Rexus inicializado
2025-08-16 19:28:08 | INFO     | rexus           | Sistema de logging Rexus inicializado
2025-08-16 19:29:23 | INFO     | rexus           | Sistema de logging Rexus inicializado
2025-08-16 19:34:43 | INFO     | rexus           | Sistema de logging Rexus inicializado
2025-08-16 19:37:46 | INFO     | rexus           | Sistema de logging Rexus inicializado
2025-08-16 19:42:50 | INFO     | rexus           | Sistema de logging Rexus inicializado
2025-08-16 19:43:08 | INFO     | rexus           | Sistema de logging Rexus inicializado
2025-08-16 19:43:31 | INFO     | rexus           | Sistema de logging Rexus inicializado
2025-08-16 19:46:22 | INFO     | rexus           | Sistema de logging Rexus inicializado
2025-08-16 19:49:10 | INFO     | rexus           | Sistema de logging Rexus inicializado
2025-08-16 19:51:58 | INFO     | rexus           | Sistema de logging Rexus inicializado
2025-08-16 19:52:31 | INFO     | rexus           | Sistema de logging Rexus inicializado
2025-08-16 19:52:54 | INFO     | rexus           | Sistema de logging Rexus inicializado
2025-08-16 19:53:49 | INFO     | rexus           | Sistema de logging Rexus inicializado
2025-08-16 20:01:49 | INFO     | rexus           | Sistema de logging Rexus inicializado
2025-08-16 20:01:54 | INFO     | rexus           | Sistema de logging Rexus inicializado
2025-08-16 20:03:05 | INFO     | rexus           | Sistema de logging Rexus inicializado
2025-08-16 20:03:48 | INFO     | rexus           | Sistema de logging Rexus inicializado
2025-08-16 20:06:22 | INFO     | rexus           | Sistema de logging Rexus inicializado
2025-08-16 20:06:34 | INFO     | rexus           | Sistema de logging Rexus inicializado
2025-08-16 20:40:43 | INFO     | rexus           | Sistema de logging Rexus inicializado
2025-08-16 20:41:20 | INFO     | rexus           | Sistema de logging Rexus inicializado
2025-08-16 20:41:32 | INFO     | rexus           | Sistema de logging Rexus inicializado
2025-08-16 20:41:43 | INFO     | rexus           | Sistema de logging Rexus inicializado
2025-08-16 20:44:15 | INFO     | rexus           | Sistema de logging Rexus inicializado
2025-08-16 20:44:27 | INFO     | rexus           | Sistema de logging Rexus inicializado
2025-08-16 22:04:19 | INFO     | rexus           | Sistema de logging Rexus inicializado
2025-08-16 22:04:21 | INFO     | rexus.modules.inventario.submodules.base_utilities | Utilidades de seguridad cargadas en BaseUtilities
2025-08-16 22:04:21 | WARNING  | rexus.modules.inventario.submodules.reservas_manager | Utilidades base no disponibles en ReservasManager
2025-08-16 22:04:21 | WARNING  | rexus.modules.inventario.submodules.reportes_manager | Utilidades base no disponibles en ReportesManager
2025-08-16 22:04:21 | WARNING  | rexus.modules.inventario.submodules.categorias_manager | Utilidades base no disponibles en CategoriasManager
2025-08-16 22:04:21 | INFO     | rexus.modules.inventario.submodules.base_utilities | Utilidades de seguridad cargadas en BaseUtilities
2025-08-16 22:04:21 | WARNING  | rexus.modules.inventario.submodules.reservas_manager | Utilidades base no disponibles en ReservasManager
2025-08-16 22:04:21 | WARNING  | rexus.modules.inventario.submodules.reportes_manager | Utilidades base no disponibles en ReportesManager
2025-08-16 22:04:21 | WARNING  | rexus.modules.inventario.submodules.categorias_manager | Utilidades base no disponibles en CategoriasManager
2025-08-16 22:04:21 | INFO     | rexus.modules.inventario.submodules.base_utilities | Utilidades de seguridad cargadas en BaseUtilities
2025-08-16 22:04:21 | WARNING  | rexus.modules.inventario.submodules.reservas_manager | Utilidades base no disponibles en ReservasManager
2025-08-16 22:04:21 | WARNING  | rexus.modules.inventario.submodules.reportes_manager | Utilidades base no disponibles en ReportesManager
2025-08-16 22:04:21 | WARNING  | rexus.modules.inventario.submodules.categorias_manager | Utilidades base no disponibles en CategoriasManager
2025-08-16 22:04:24 | INFO     | rexus.modules.inventario.submodules.base_utilities | Utilidades de seguridad cargadas en BaseUtilities
2025-08-16 22:04:24 | INFO     | rexus.modules.inventario.submodules.base_utilities | Utilidades de seguridad cargadas en BaseUtilities
2025-08-16 22:04:24 | INFO     | rexus.modules.inventario.submodules.base_utilities | Utilidades de seguridad cargadas en BaseUtilities
2025-08-16 22:04:24 | INFO     | rexus.modules.inventario.submodules.base_utilities | Utilidades de seguridad cargadas en BaseUtilities
2025-08-16 22:04:25 | ERROR    | rexus.modules.vidrios.model | Error verificando tablas: 'Mock' object is not iterable
2025-08-16 22:04:25 | INFO     | rexus.core.database | Intentando conectar a la base de datos
2025-08-16 22:04:25 | INFO     | rexus.core.database | Servidor: ITACHI\SQLEXPRESS
2025-08-16 22:04:25 | INFO     | rexus.core.database | Base de datos: None
2025-08-16 22:04:25 | INFO     | rexus.core.database | Driver: ODBC Driver 17 for SQL Server
2025-08-16 22:04:25 | INFO     | rexus.core.database | Usuario: sa
2025-08-16 22:04:25 | ERROR    | rexus.core.database | Database connection failed: ('28000', '[28000] [Microsoft][ODBC Driver 17 for SQL Server][SQL Server]Login failed for user \'sa\'. (18456) (SQLDriverConnect); [28000] [Microsoft][ODBC Driver 17 for SQL Server][SQL Server]Cannot open database "None" requested by the login. The login failed. (4060); [28000] [Microsoft][ODBC Driver 17 for SQL Server][SQL Server]Login failed for user \'sa\'. (18456); [28000] [Microsoft][ODBC Driver 17 for SQL Server][SQL Server]Cannot open database "None" requested by the login. The login failed. (4060)')
Traceback (most recent call last):
  File "D:\martin\Rexus.app\rexus\core\database.py", line 183, in connect
    self._connection = pyodbc.connect(real_connection_string)
pyodbc.InterfaceError: ('28000', '[28000] [Microsoft][ODBC Driver 17 for SQL Server][SQL Server]Login failed for user \'sa\'. (18456) (SQLDriverConnect); [28000] [Microsoft][ODBC Driver 17 for SQL Server][SQL Server]Cannot open database "None" requested by the login. The login failed. (4060); [28000] [Microsoft][ODBC Driver 17 for SQL Server][SQL Server]Login failed for user \'sa\'. (18456); [28000] [Microsoft][ODBC Driver 17 for SQL Server][SQL Server]Cannot open database "None" requested by the login. The login failed. (4060)')
2025-08-16 22:04:25 | INFO     | rexus.modules.inventario.submodules.base_utilities | Utilidades de seguridad cargadas en BaseUtilities
2025-08-16 22:04:25 | WARNING  | rexus.modules.inventario.submodules.reservas_manager | Utilidades base no disponibles en ReservasManager
2025-08-16 22:04:25 | WARNING  | rexus.modules.inventario.submodules.reportes_manager | Utilidades base no disponibles en ReportesManager
2025-08-16 22:04:25 | WARNING  | rexus.modules.inventario.submodules.categorias_manager | Utilidades base no disponibles en CategoriasManager
2025-08-16 22:04:25 | INFO     | rexus.modules.inventario.submodules.base_utilities | Utilidades de seguridad cargadas en BaseUtilities
2025-08-16 22:04:25 | INFO     | rexus.modules.inventario.submodules.base_utilities | Utilidades de seguridad cargadas en BaseUtilities
2025-08-16 22:04:25 | INFO     | rexus.modules.inventario.submodules.base_utilities | Utilidades de seguridad cargadas en BaseUtilities
2025-08-16 22:04:25 | INFO     | rexus.modules.inventario.submodules.base_utilities | Utilidades de seguridad cargadas en BaseUtilities
