2025-08-17 15:07:07 | INFO     | rexus.security  | [SECURITY-INFO] SecurityManager inicializado correctamente
2025-08-17 15:07:07 | INFO     | rexus.security  | [SECURITY-INFO] Sistema de seguridad completo inicializado
2025-08-17 15:07:12 | INFO     | rexus.security  | Creando MainWindow para usuario: admin
2025-08-17 15:07:14 | INFO     | rexus.security  | Aplicación iniciada para admin
2025-08-17 15:07:38 | INFO     | rexus.security  | [SECURITY-INFO] SecurityManager inicializado correctamente
2025-08-17 15:07:38 | INFO     | rexus.security  | [SECURITY-INFO] Sistema de seguridad completo inicializado
2025-08-17 15:21:32 | INFO     | rexus.security  | [SECURITY-INFO] SecurityManager inicializado correctamente
2025-08-17 15:21:32 | INFO     | rexus.security  | [SECURITY-INFO] Sistema de seguridad completo inicializado
2025-08-17 15:57:01 | INFO     | rexus.security  | [SECURITY-INFO] SecurityManager inicializado correctamente
2025-08-17 15:57:01 | INFO     | rexus.security  | [SECURITY-INFO] Sistema de seguridad completo inicializado
2025-08-17 15:57:07 | INFO     | rexus.security  | Creando MainWindow para usuario: admin
2025-08-17 15:57:08 | INFO     | rexus.security  | Aplicación iniciada para admin
2025-08-17 22:03:27 | INFO     | rexus.security  | [SECURITY-INFO] SecurityManager inicializado correctamente
2025-08-17 22:03:27 | INFO     | rexus.security  | [SECURITY-INFO] Sistema de seguridad completo inicializado
2025-08-18 12:30:12 | INFO     | rexus.security  | [SECURITY-INFO] SecurityManager inicializado correctamente
2025-08-18 12:30:12 | INFO     | rexus.security  | [SECURITY-INFO] Sistema de seguridad completo inicializado
2025-08-18 12:39:45 | INFO     | rexus.security  | [SECURITY-INFO] SecurityManager inicializado correctamente
2025-08-18 12:39:45 | INFO     | rexus.security  | [SECURITY-INFO] Sistema de seguridad completo inicializado
2025-08-18 12:39:46 | INFO     | rexus.security  | Creando MainWindow para usuario: admin
2025-08-18 12:39:48 | INFO     | rexus.security  | Aplicación iniciada para admin
2025-08-18 13:46:15 | INFO     | rexus.security  | [SECURITY-INFO] SecurityManager inicializado correctamente
2025-08-18 13:46:15 | INFO     | rexus.security  | [SECURITY-INFO] Sistema de seguridad completo inicializado
2025-08-18 13:46:21 | INFO     | rexus.security  | Creando MainWindow para usuario: admin
2025-08-18 13:46:22 | INFO     | rexus.security  | Aplicación iniciada para admin
2025-08-18 15:23:37 | INFO     | rexus.security  | [SECURITY-INFO] SecurityManager inicializado correctamente
2025-08-18 15:23:37 | INFO     | rexus.security  | [SECURITY-INFO] Sistema de seguridad completo inicializado
2025-08-18 15:26:45 | INFO     | rexus.security  | [SECURITY-INFO] SecurityManager inicializado correctamente
2025-08-18 15:26:45 | INFO     | rexus.security  | [SECURITY-INFO] Sistema de seguridad completo inicializado
2025-08-18 15:26:51 | INFO     | rexus.security  | Creando MainWindow para usuario: admin
2025-08-18 15:26:52 | INFO     | rexus.security  | Aplicación iniciada para admin
2025-08-18 20:21:10 | INFO     | rexus.security  | [SECURITY-INFO] SecurityManager inicializado correctamente
2025-08-18 20:21:10 | INFO     | rexus.security  | [SECURITY-INFO] Sistema de seguridad completo inicializado
2025-08-18 20:21:14 | INFO     | rexus.security  | Creando MainWindow para usuario: admin
2025-08-18 20:21:17 | INFO     | rexus.security  | Aplicación iniciada para admin
2025-08-18 20:22:39 | INFO     | rexus.security  | [SECURITY-INFO] SecurityManager inicializado correctamente
2025-08-18 20:22:39 | INFO     | rexus.security  | [SECURITY-INFO] Sistema de seguridad completo inicializado
2025-08-18 20:22:43 | INFO     | rexus.security  | Creando MainWindow para usuario: admin
2025-08-18 20:22:44 | INFO     | rexus.security  | Aplicación iniciada para admin
2025-08-18 20:29:06 | INFO     | rexus.security  | [SECURITY-INFO] SecurityManager inicializado correctamente
2025-08-18 20:29:06 | INFO     | rexus.security  | [SECURITY-INFO] Sistema de seguridad completo inicializado
2025-08-18 20:29:11 | INFO     | rexus.security  | Creando MainWindow para usuario: admin
2025-08-18 20:29:12 | INFO     | rexus.security  | Aplicación iniciada para admin
2025-08-18 20:29:41 | INFO     | rexus.security  | [SECURITY-INFO] SecurityManager inicializado correctamente
2025-08-18 20:29:41 | INFO     | rexus.security  | [SECURITY-INFO] Sistema de seguridad completo inicializado
2025-08-18 20:29:47 | INFO     | rexus.security  | Creando MainWindow para usuario: admin
2025-08-18 20:29:48 | INFO     | rexus.security  | Aplicación iniciada para admin
2025-08-18 20:30:12 | INFO     | rexus.security  | [SECURITY-INFO] SecurityManager inicializado correctamente
2025-08-18 20:30:12 | INFO     | rexus.security  | [SECURITY-INFO] Sistema de seguridad completo inicializado
2025-08-18 20:30:30 | INFO     | rexus.security  | Creando MainWindow para usuario: admin
2025-08-18 20:30:31 | INFO     | rexus.security  | Aplicación iniciada para admin
2025-08-18 20:43:13 | INFO     | rexus.security  | [SECURITY-INFO] SecurityManager inicializado correctamente
2025-08-18 20:43:13 | INFO     | rexus.security  | [SECURITY-INFO] Sistema de seguridad completo inicializado
2025-08-18 20:44:11 | INFO     | rexus.security  | Creando MainWindow para usuario: admin
2025-08-18 20:44:12 | INFO     | rexus.security  | Aplicación iniciada para admin
2025-08-18 20:45:04 | INFO     | rexus.security  | [SECURITY-INFO] SecurityManager inicializado correctamente
2025-08-18 20:45:04 | INFO     | rexus.security  | [SECURITY-INFO] Sistema de seguridad completo inicializado
2025-08-18 20:45:08 | INFO     | rexus.security  | Creando MainWindow para usuario: admin
2025-08-18 20:45:09 | INFO     | rexus.security  | Aplicación iniciada para admin
2025-08-18 20:46:07 | INFO     | rexus.security  | [SECURITY-INFO] SecurityManager inicializado correctamente
2025-08-18 20:46:07 | INFO     | rexus.security  | [SECURITY-INFO] Sistema de seguridad completo inicializado
2025-08-18 20:47:55 | INFO     | rexus.security  | Creando MainWindow para usuario: admin
2025-08-18 20:47:56 | INFO     | rexus.security  | Aplicación iniciada para admin
2025-08-19 17:00:32 | INFO     | rexus.security  | [SECURITY-INFO] SecurityManager inicializado correctamente
2025-08-19 17:00:32 | INFO     | rexus.security  | [SECURITY-INFO] Sistema de seguridad completo inicializado
2025-08-19 17:00:37 | INFO     | rexus.security  | Creando MainWindow para usuario: admin
2025-08-19 17:00:40 | INFO     | rexus.security  | Aplicación iniciada para admin
2025-08-19 17:02:18 | INFO     | rexus.security  | [SECURITY-INFO] SecurityManager inicializado correctamente
2025-08-19 17:02:18 | INFO     | rexus.security  | [SECURITY-INFO] Sistema de seguridad completo inicializado
2025-08-19 17:02:22 | INFO     | rexus.security  | Creando MainWindow para usuario: admin
2025-08-19 17:02:24 | INFO     | rexus.security  | Aplicación iniciada para admin
2025-08-19 18:11:43 | INFO     | rexus.security  | [SECURITY-INFO] SecurityManager inicializado correctamente
2025-08-19 18:11:43 | INFO     | rexus.security  | [SECURITY-INFO] Sistema de seguridad completo inicializado
2025-08-19 18:11:50 | INFO     | rexus.security  | Creando MainWindow para usuario: admin
2025-08-19 18:11:52 | INFO     | rexus.security  | Aplicación iniciada para admin
2025-08-21 13:11:02 | INFO     | rexus.security  | [SECURITY-INFO] SecurityManager inicializado correctamente
2025-08-21 13:11:02 | INFO     | rexus.security  | [SECURITY-INFO] Sistema de seguridad completo inicializado
2025-08-21 13:23:05 | INFO     | rexus.security  | Creando MainWindow para usuario: admin
2025-08-21 13:23:06 | INFO     | rexus.security  | Aplicación iniciada para admin
2025-08-21 16:48:53 | INFO     | rexus.security  | [SECURITY-INFO] SecurityManager inicializado correctamente
2025-08-21 16:48:53 | INFO     | rexus.security  | [SECURITY-INFO] Sistema de seguridad completo inicializado
2025-08-21 16:50:58 | INFO     | rexus.security  | [SECURITY-INFO] SecurityManager inicializado correctamente
2025-08-21 16:50:58 | INFO     | rexus.security  | [SECURITY-INFO] Sistema de seguridad completo inicializado
2025-08-21 16:51:15 | INFO     | rexus.security  | Creando MainWindow para usuario: admin
2025-08-21 16:51:19 | INFO     | rexus.security  | Aplicación iniciada para admin
2025-08-22 00:15:05 | INFO     | rexus.security  | [SECURITY-INFO] Login exitoso para usuario 'testuser' | Usuario: testuser
2025-08-22 00:15:18 | INFO     | rexus.security  | [SECURITY-INFO] Login exitoso para usuario 'testuser' | Usuario: testuser
2025-08-22 00:15:18 | INFO     | rexus.security  | [SECURITY-INFO] Login exitoso para usuario 'testuser' | Usuario: testuser
2025-08-22 00:15:41 | INFO     | rexus.security  | [SECURITY-INFO] Login exitoso para usuario 'testuser' | Usuario: testuser
2025-08-22 00:15:41 | INFO     | rexus.security  | [SECURITY-INFO] Login exitoso para usuario 'testuser' | Usuario: testuser
2025-08-22 00:16:02 | INFO     | rexus.security  | [SECURITY-INFO] Login exitoso para usuario 'testuser' | Usuario: testuser
2025-08-22 00:16:02 | INFO     | rexus.security  | [SECURITY-INFO] Login exitoso para usuario 'testuser' | Usuario: testuser
2025-08-22 12:20:27 | INFO     | rexus.security  | [SECURITY-INFO] SecurityManager inicializado correctamente
2025-08-22 12:20:27 | INFO     | rexus.security  | [SECURITY-INFO] Sistema de seguridad completo inicializado
2025-08-22 12:20:31 | INFO     | rexus.security  | Creando MainWindow para usuario: admin
2025-08-22 12:20:36 | INFO     | rexus.security  | Aplicación iniciada para admin
2025-08-22 12:22:08 | INFO     | rexus.security  | [SECURITY-INFO] Login exitoso para usuario 'testuser' | Usuario: testuser
2025-08-22 12:22:08 | INFO     | rexus.security  | [SECURITY-INFO] Login exitoso para usuario 'testuser' | Usuario: testuser
2025-08-22 12:29:58 | INFO     | rexus.security  | [SECURITY-INFO] SecurityManager inicializado correctamente
2025-08-22 12:29:58 | INFO     | rexus.security  | [SECURITY-INFO] Sistema de seguridad completo inicializado
2025-08-22 12:30:05 | INFO     | rexus.security  | Creando MainWindow para usuario: admin
2025-08-22 12:30:06 | INFO     | rexus.security  | Aplicación iniciada para admin
2025-08-22 12:38:53 | INFO     | rexus.security  | [SECURITY-INFO] SecurityManager inicializado correctamente
2025-08-22 12:38:53 | INFO     | rexus.security  | [SECURITY-INFO] Sistema de seguridad completo inicializado
2025-08-22 12:40:06 | INFO     | rexus.security  | Creando MainWindow para usuario: admin
2025-08-22 12:40:07 | INFO     | rexus.security  | Aplicación iniciada para admin
2025-08-22 12:46:34 | INFO     | rexus.security  | [SECURITY-INFO] SecurityManager inicializado correctamente
2025-08-22 12:46:34 | INFO     | rexus.security  | [SECURITY-INFO] Sistema de seguridad completo inicializado
2025-08-22 12:46:40 | INFO     | rexus.security  | Creando MainWindow para usuario: admin
2025-08-22 12:46:43 | INFO     | rexus.security  | Aplicación iniciada para admin
2025-08-22 13:02:24 | INFO     | rexus.security  | [SECURITY-INFO] SecurityManager inicializado correctamente
2025-08-22 13:02:24 | INFO     | rexus.security  | [SECURITY-INFO] Sistema de seguridad completo inicializado
2025-08-22 13:03:00 | INFO     | rexus.security  | Creando MainWindow para usuario: admin
2025-08-22 13:03:03 | INFO     | rexus.security  | Aplicación iniciada para admin
2025-08-22 13:31:23 | INFO     | rexus.security  | [SECURITY-INFO] Login exitoso para usuario 'testuser' | Usuario: testuser
2025-08-22 13:31:23 | INFO     | rexus.security  | [SECURITY-INFO] Login exitoso para usuario 'testuser' | Usuario: testuser
2025-08-22 13:41:31 | INFO     | rexus.security  | [SECURITY-INFO] Login exitoso para usuario 'testuser' | Usuario: testuser
2025-08-22 13:41:31 | INFO     | rexus.security  | [SECURITY-INFO] Login exitoso para usuario 'testuser' | Usuario: testuser
2025-08-22 13:44:54 | INFO     | rexus.security  | [SECURITY-INFO] Login exitoso para usuario 'testuser' | Usuario: testuser
2025-08-22 13:44:54 | INFO     | rexus.security  | [SECURITY-INFO] Login exitoso para usuario 'testuser' | Usuario: testuser
2025-08-22 17:58:17 | INFO     | rexus.security  | [SECURITY-INFO] Login exitoso para usuario 'testuser' | Usuario: testuser
2025-08-22 17:58:17 | INFO     | rexus.security  | [SECURITY-INFO] Login exitoso para usuario 'testuser' | Usuario: testuser
2025-08-22 17:58:46 | INFO     | rexus.security  | [SECURITY-INFO] Login exitoso para usuario 'testuser' | Usuario: testuser
2025-08-22 17:58:46 | INFO     | rexus.security  | [SECURITY-INFO] Login exitoso para usuario 'testuser' | Usuario: testuser
