2025-08-22 23:18:58,282 - INFO - === INICIANDO OPTIMIZACIÓN DE CONSULTAS SQL ===
2025-08-22 23:18:58,293 - INFO - 1. Analizando módulos en busca de consultas problemáticas...
2025-08-22 23:18:58,358 - INFO - Módulo administracion: 2 consultas problemáticas encontradas
2025-08-22 23:18:58,364 - INFO - Módulo auditoria: 1 consultas problemáticas encontradas
2025-08-22 23:18:58,376 - INFO - Módulo compras: 4 consultas problemáticas encontradas
2025-08-22 23:18:58,406 - INFO - Módulo herrajes: 1 consultas problemáticas encontradas
2025-08-22 23:18:58,437 - INFO - Módulo inventario: 1 consultas problemáticas encontradas
2025-08-22 23:18:58,463 - INFO - Módulo logistica: 1 consultas problemáticas encontradas
2025-08-22 23:18:58,475 - INFO - Módulo mantenimiento: 3 consultas problemáticas encontradas
2025-08-22 23:18:58,537 - INFO - Módulo pedidos: 1 consultas problemáticas encontradas
2025-08-22 23:18:58,582 - INFO - Módulo vidrios: 2 consultas problemáticas encontradas
2025-08-22 23:18:58,582 - INFO - 2. Optimizando consultas y creando archivos SQL...
2025-08-22 23:18:58,613 - INFO - Consulta optimizada guardada: D:\martin\Rexus.app\sql\administracion\consulta_optimizada.sql
2025-08-22 23:18:58,613 - INFO - Consulta optimizada guardada: D:\martin\Rexus.app\sql\administracion\consulta_optimizada_2.sql
2025-08-22 23:18:58,613 - INFO - Consulta optimizada guardada: D:\martin\Rexus.app\sql\auditoria\consulta_optimizada.sql
2025-08-22 23:18:58,624 - INFO - Consulta optimizada guardada: D:\martin\Rexus.app\sql\compras\consulta_optimizada.sql
2025-08-22 23:18:58,624 - INFO - Consulta optimizada guardada: D:\martin\Rexus.app\sql\compras\consulta_optimizada_2.sql
2025-08-22 23:18:58,624 - INFO - Consulta optimizada guardada: D:\martin\Rexus.app\sql\compras\consulta_optimizada_3.sql
2025-08-22 23:18:58,624 - INFO - Consulta optimizada guardada: D:\martin\Rexus.app\sql\compras\consulta_optimizada_4.sql
2025-08-22 23:18:58,624 - INFO - Consulta optimizada guardada: D:\martin\Rexus.app\sql\herrajes\consulta_optimizada.sql
2025-08-22 23:18:58,624 - INFO - Consulta optimizada guardada: D:\martin\Rexus.app\sql\inventario\consulta_optimizada.sql
2025-08-22 23:18:58,634 - INFO - Consulta optimizada guardada: D:\martin\Rexus.app\sql\logistica\consulta_optimizada.sql
2025-08-22 23:18:58,634 - INFO - Consulta optimizada guardada: D:\martin\Rexus.app\sql\mantenimiento\consulta_optimizada.sql
2025-08-22 23:18:58,638 - INFO - Consulta optimizada guardada: D:\martin\Rexus.app\sql\mantenimiento\consulta_optimizada_2.sql
2025-08-22 23:18:58,641 - INFO - Consulta optimizada guardada: D:\martin\Rexus.app\sql\mantenimiento\consulta_optimizada_3.sql
2025-08-22 23:18:58,642 - INFO - Consulta optimizada guardada: D:\martin\Rexus.app\sql\pedidos\consulta_optimizada.sql
2025-08-22 23:18:58,658 - INFO - Consulta optimizada guardada: D:\martin\Rexus.app\sql\vidrios\consulta_optimizada.sql
2025-08-22 23:18:58,659 - INFO - Consulta optimizada guardada: D:\martin\Rexus.app\sql\vidrios\consulta_optimizada_2.sql
2025-08-22 23:18:58,659 - INFO - 3. Generando reporte de optimización...
2025-08-22 23:18:58,659 - INFO - === OPTIMIZACIÓN COMPLETA ===
2025-08-22 23:18:58,659 - INFO - Reporte guardado en: D:\martin\Rexus.app\docs\OPTIMIZACIÓN_SQL_REPORT.md
2025-08-22 23:18:58,659 - INFO - Total de consultas optimizadas: 16
2025-08-22 23:18:58,659 - INFO - Archivos SQL creados: 16
2025-08-22 23:18:58,659 - INFO - Índices sugeridos: 30
